model: online_hard_model_margin_0.1_2021-06-13_0.1loss.pth
mAP @ k=20:	 63.71
cmc at rank-1: 	  0.17937219730941703
cmc at rank-5: 	  1.0
model: online_semi_model_margin_1_2021-06-13_0.5335loss.pth
mAP @ k=20:	 72.95
cmc at rank-1: 	  1.0
cmc at rank-5: 	  1.0
model: online_random_model_margin_0.1_2021-06-13_0.0891loss.pth
mAP @ k=20:	 76.32
cmc at rank-1: 	  1.0
cmc at rank-5: 	  1.0
model: online_random_model_margin_0.5_2021-06-13_0.4297loss.pth
mAP @ k=20:	 75.2
cmc at rank-1: 	  1.0
cmc at rank-5: 	  1.0
model: online_semi_model_margin_0.5_2021-06-13_0.2601loss.pth
mAP @ k=20:	 72.96
cmc at rank-1: 	  1.0
cmc at rank-5: 	  1.0
model: online_semi_model_margin_0.1_2021-06-13_0.0487loss.pth
mAP @ k=20:	 74.73
cmc at rank-1: 	  1.0
cmc at rank-5: 	  1.0
model: online_random_model_margin_1_2021-06-13_0.9494loss.pth
mAP @ k=20:	 76.0
cmc at rank-1: 	  1.0
cmc at rank-5: 	  1.0
model: online_hard_model_margin_1_2021-06-13_1.0loss.pth
mAP @ k=20:	 59.62
cmc at rank-1: 	  0.4696422860797661
cmc at rank-5: 	  0.9708072547855087
model: online_hard_model_margin_0.5_2021-06-13_0.5loss.pth
mAP @ k=20:	 63.45
cmc at rank-1: 	  0.2474092054896835
cmc at rank-5: 	  0.9915507422276165
