model: vae
mAP @ k=20, cmc at rank-1, cmc at rank-5
32.25 & 18.88 & 84.9
model: online_random_model_margin_1_2021-06-13_0.9494loss.pth
mAP @ k=20, cmc at rank-1, cmc at rank-5
49.23 & 70.11 & 93.89
model: online_random_model_margin_0.5_2021-06-13_0.4297loss.pth
mAP @ k=20, cmc at rank-1, cmc at rank-5
51.77 & 71.56 & 93.26
model: random
mAP @ k=20, cmc at rank-1, cmc at rank-5
29.28 & 36.68 & 82.38
model: online_hard_model_margin_0.5_2021-06-13_0.5loss.pth
mAP @ k=20, cmc at rank-1, cmc at rank-5
34.09 & 9.4 & 99.98
model: online_semi_model_margin_0.5_2021-06-13_0.2601loss.pth
mAP @ k=20, cmc at rank-1, cmc at rank-5
47.81 & 69.93 & 93.53
model: online_semi_model_margin_1_2021-06-13_0.5335loss.pth
mAP @ k=20, cmc at rank-1, cmc at rank-5
47.71 & 67.83 & 92.68
model: online_hard_model_margin_0.1_2021-06-13_0.1loss.pth
mAP @ k=20, cmc at rank-1, cmc at rank-5
33.99 & 1.71 & 100.0
model: online_random_model_margin_0.1_2021-06-13_0.0891loss.pth
mAP @ k=20, cmc at rank-1, cmc at rank-5
52.03 & 70.25 & 93.29
model: online_semi_model_margin_0.1_2021-06-13_0.0487loss.pth
mAP @ k=20, cmc at rank-1, cmc at rank-5
51.07 & 70.29 & 93.68
model: online_hard_model_margin_1_2021-06-13_1.0loss.pth
mAP @ k=20, cmc at rank-1, cmc at rank-5
20.02 & 15.53 & 94.17
