model: random
mAP @ k=20, cmc at rank-1, cmc at rank-5
22.72 & 24.2 & 73.98
model: online_hard_model_margin_0.5_2021-06-13_0.5loss.pth
mAP @ k=20, cmc at rank-1, cmc at rank-5
28.23 & 16.17 & 98.12
model: vae
mAP @ k=20, cmc at rank-1, cmc at rank-5
27.53 & 19.36 & 75.27
model: online_hard_model_margin_0.1_2021-06-13_0.1loss.pth
mAP @ k=20, cmc at rank-1, cmc at rank-5
26.42 & 8.6 & 99.87
model: online_random_model_margin_0.5_2021-06-13_0.4297loss.pth
mAP @ k=20, cmc at rank-1, cmc at rank-5
39.73 & 48.21 & 91.49
model: online_random_model_margin_0.1_2021-06-13_0.0891loss.pth
mAP @ k=20, cmc at rank-1, cmc at rank-5
40.28 & 46.42 & 91.31
model: online_semi_model_margin_0.1_2021-06-13_0.0487loss.pth
mAP @ k=20, cmc at rank-1, cmc at rank-5
38.47 & 45.55 & 89.93
model: online_hard_model_margin_1_2021-06-13_1.0loss.pth
mAP @ k=20, cmc at rank-1, cmc at rank-5
27.14 & 37.91 & 71.59
model: online_random_model_margin_1_2021-06-13_0.9494loss.pth
mAP @ k=20, cmc at rank-1, cmc at rank-5
39.63 & 49.02 & 91.34
model: online_semi_model_margin_1_2021-06-13_0.5335loss.pth
mAP @ k=20, cmc at rank-1, cmc at rank-5
35.83 & 48.71 & 88.44
model: online_semi_model_margin_0.5_2021-06-13_0.2601loss.pth
mAP @ k=20, cmc at rank-1, cmc at rank-5
37.47 & 50.13 & 90.39
